<?xml version="1.0" encoding="UTF-8"?>
<testng-results skipped="0" failed="0" ignored="0" total="1" passed="1">
  <reporter-output>
  </reporter-output>
  <suite name="Default suite" duration-ms="40663" started-at="2018-12-03T15:58:40Z" finished-at="2018-12-03T15:59:20Z">
    <groups>
    </groups>
    <test name="Default test" duration-ms="40663" started-at="2018-12-03T15:58:40Z" finished-at="2018-12-03T15:59:20Z">
      <class name="com.Mbf.Nurvv.main.test.LoginValidationIos">
        <test-method status="PASS" signature="beforeCreateAccountValidationRun()[pri:0, instance:com.Mbf.Nurvv.main.test.LoginValidationIos@3d36e4cd]" name="beforeCreateAccountValidationRun" is-config="true" duration-ms="29496" started-at="2018-12-03T15:58:40Z" finished-at="2018-12-03T15:59:09Z">
          <reporter-output>
          </reporter-output>
        </test-method> <!-- beforeCreateAccountValidationRun -->
        <test-method status="PASS" signature="shouldReturnSuccessWhenLoginCredIsProvided()[pri:0, instance:com.Mbf.Nurvv.main.test.LoginValidationIos@3d36e4cd]" name="shouldReturnSuccessWhenLoginCredIsProvided" duration-ms="11133" started-at="2018-12-03T15:59:09Z" finished-at="2018-12-03T15:59:20Z">
          <reporter-output>
          </reporter-output>
        </test-method> <!-- shouldReturnSuccessWhenLoginCredIsProvided -->
        <test-method status="PASS" signature="tearDown()[pri:0, instance:com.Mbf.Nurvv.main.test.LoginValidationIos@3d36e4cd]" name="tearDown" is-config="true" duration-ms="12" started-at="2018-12-03T15:59:20Z" finished-at="2018-12-03T15:59:20Z">
          <reporter-output>
          </reporter-output>
        </test-method> <!-- tearDown -->
      </class> <!-- com.Mbf.Nurvv.main.test.LoginValidationIos -->
    </test> <!-- Default test -->
  </suite> <!-- Default suite -->
</testng-results>
